{
  "RSpec": {
    "coverage": {
      "/home/jns/Dev/synobs/app/helpers/application_helper.rb": [
        1,
        null
      ],
      "/home/jns/Dev/synobs/app/helpers/favourite_stations_helper.rb": [
        1,
        null
      ],
      "/home/jns/Dev/synobs/app/helpers/observation_stations_helper.rb": [
        1,
        null
      ],
      "/home/jns/Dev/synobs/app/helpers/observations_helper.rb": [
        1,
        null
      ],
      "/home/jns/Dev/synobs/app/helpers/users_helper.rb": [
        1,
        null
      ],
      "/home/jns/Dev/synobs/app/models/favourite_station.rb": [
        1,
        1,
        1,
        null,
        1,
        null,
        null
      ],
      "/home/jns/Dev/synobs/app/models/observation.rb": [
        1,
        1,
        null,
        1,
        null,
        null
      ],
      "/home/jns/Dev/synobs/app/models/observation_station.rb": [
        1,
        1,
        1,
        1,
        null,
        1,
        1,
        null,
        1,
        11,
        null,
        null,
        null
      ],
      "/home/jns/Dev/synobs/app/models/user.rb": [
        1,
        null,
        1,
        1,
        null,
        1,
        null,
        1,
        null,
        null,
        null,
        1,
        null,
        null,
        null,
        null
      ],
      "/home/jns/Dev/synobs/app/controllers/sessions_controller.rb": [
        1,
        1,
        null,
        null,
        1,
        null,
        11,
        null,
        11,
        10,
        10,
        null,
        1,
        null,
        null,
        null,
        1,
        0,
        0,
        null,
        null
      ],
      "/home/jns/Dev/synobs/app/controllers/application_controller.rb": [
        1,
        null,
        null,
        1,
        null,
        null,
        1,
        null,
        1,
        198,
        175,
        null,
        null,
        1,
        0,
        null,
        null,
        1,
        0,
        null,
        null,
        null
      ],
      "/home/jns/Dev/synobs/app/controllers/observation_stations_controller.rb": [
        1,
        1,
        null,
        null,
        null,
        1,
        14,
        null,
        14,
        null,
        null,
        null,
        null,
        1,
        11,
        null,
        11,
        5,
        null,
        6,
        6,
        null,
        null,
        null,
        null,
        1,
        0,
        null,
        null,
        null,
        1,
        null,
        null,
        null,
        null,
        1,
        0,
        null,
        0,
        0,
        0,
        0,
        null,
        0,
        0,
        null,
        null,
        null,
        null,
        null,
        null,
        1,
        0,
        0,
        0,
        0,
        null,
        0,
        0,
        null,
        null,
        null,
        null,
        null,
        null,
        1,
        0,
        0,
        0,
        0,
        null,
        null,
        null,
        1,
        null,
        1,
        11,
        null,
        null,
        null,
        1,
        0,
        null,
        null,
        null
      ],
      "/home/jns/Dev/synobs/lib/fmi_api.rb": [
        1,
        1,
        1,
        null,
        null,
        1,
        null,
        14,
        14,
        14,
        null,
        null,
        14,
        null,
        null,
        14,
        2548,
        2548,
        2548,
        2548,
        2548,
        2548,
        2366,
        null,
        null,
        null,
        null,
        14,
        2548,
        2548,
        2548,
        2548,
        2548,
        2548,
        2548,
        2548,
        null,
        null,
        null,
        null,
        null,
        1,
        14,
        14,
        null,
        null
      ],
      "/home/jns/Dev/synobs/app/controllers/favourite_stations_controller.rb": [
        1,
        1,
        null,
        null,
        1,
        1,
        1,
        null,
        null,
        null,
        null,
        1,
        4,
        4,
        4,
        0,
        null,
        4,
        8,
        null,
        4,
        null,
        0,
        0,
        0,
        null,
        null,
        null,
        null,
        null,
        null,
        1,
        2,
        2,
        2,
        2,
        4,
        null,
        2,
        null,
        null,
        null,
        null,
        1,
        null,
        1,
        2,
        null,
        null,
        null,
        1,
        4,
        null,
        null
      ],
      "/home/jns/Dev/synobs/app/controllers/users_controller.rb": [
        1,
        1,
        null,
        null,
        null,
        1,
        1,
        null,
        null,
        null,
        null,
        1,
        null,
        null,
        null,
        1,
        1,
        null,
        null,
        null,
        1,
        null,
        null,
        null,
        null,
        1,
        1,
        null,
        1,
        1,
        2,
        1,
        null,
        0,
        0,
        null,
        null,
        null,
        null,
        null,
        null,
        1,
        1,
        1,
        2,
        1,
        null,
        0,
        0,
        null,
        null,
        null,
        null,
        null,
        null,
        1,
        1,
        1,
        1,
        null,
        1,
        2,
        1,
        null,
        null,
        null,
        1,
        null,
        1,
        11,
        null,
        null,
        null,
        1,
        3,
        null,
        null
      ],
      "/home/jns/Dev/synobs/app/controllers/observations_controller.rb": [
        0,
        0,
        0,
        0,
        0,
        0,
        0,
        0,
        0,
        0,
        0,
        0,
        0,
        0,
        0,
        0,
        0,
        0,
        0,
        0,
        0,
        0,
        0,
        0,
        0,
        0,
        0,
        0,
        0,
        0,
        0,
        0,
        0,
        0,
        0,
        0,
        0,
        0,
        0,
        0,
        0,
        0,
        0,
        0,
        0,
        0,
        0,
        0,
        0,
        0,
        0,
        0,
        0,
        0,
        0,
        0,
        0,
        0,
        0,
        0,
        0,
        0,
        0,
        0,
        0,
        0,
        0,
        0,
        0,
        0,
        0,
        0,
        0,
        0,
        0
      ],
      "/home/jns/Dev/synobs/lib/fmi_observations.rb": [
        0,
        0,
        0,
        0,
        0,
        0,
        0,
        0,
        0,
        0,
        0,
        0,
        0,
        0,
        0,
        0,
        0,
        0,
        0,
        0,
        0,
        0,
        0,
        0,
        0,
        0,
        0,
        0,
        0,
        0,
        0,
        0,
        0,
        0,
        0,
        0
      ]
    },
    "timestamp": 1493650300
  }
}
