{
  "RSpec": {
    "coverage": {
      "/home/jns/Dev/synobs/app/helpers/application_helper.rb": [
        1,
        null
      ],
      "/home/jns/Dev/synobs/app/helpers/favourite_stations_helper.rb": [
        1,
        null
      ],
      "/home/jns/Dev/synobs/app/helpers/observation_stations_helper.rb": [
        1,
        null
      ],
      "/home/jns/Dev/synobs/app/helpers/observations_helper.rb": [
        1,
        null
      ],
      "/home/jns/Dev/synobs/app/helpers/users_helper.rb": [
        1,
        null
      ],
      "/home/jns/Dev/synobs/app/models/favourite_station.rb": [
        1,
        1,
        1,
        null,
        1,
        null,
        null
      ],
      "/home/jns/Dev/synobs/app/models/observation.rb": [
        1,
        1,
        1,
        null,
        null,
        null,
        null
      ],
      "/home/jns/Dev/synobs/app/models/observation_station.rb": [
        1,
        1,
        1,
        1,
        null,
        1,
        1,
        null,
        1,
        12,
        null,
        null,
        null
      ],
      "/home/jns/Dev/synobs/app/models/user.rb": [
        1,
        null,
        1,
        1,
        null,
        1,
        null,
        1,
        null,
        null,
        null,
        1,
        null,
        null,
        null,
        null
      ],
      "/home/jns/Dev/synobs/app/controllers/sessions_controller.rb": [
        1,
        1,
        null,
        null,
        1,
        null,
        11,
        null,
        11,
        10,
        10,
        null,
        1,
        null,
        null,
        null,
        1,
        1,
        1,
        null,
        null
      ],
      "/home/jns/Dev/synobs/app/controllers/application_controller.rb": [
        1,
        null,
        null,
        1,
        null,
        null,
        1,
        null,
        1,
        269,
        232,
        null,
        null,
        1,
        13,
        null,
        null,
        1,
        0,
        null,
        null,
        null
      ],
      "/home/jns/Dev/synobs/app/controllers/observation_stations_controller.rb": [
        1,
        1,
        1,
        null,
        null,
        null,
        1,
        null,
        15,
        null,
        null,
        null,
        null,
        1,
        12,
        null,
        12,
        6,
        null,
        6,
        6,
        null,
        null,
        null,
        null,
        1,
        0,
        0,
        null,
        null,
        1,
        0,
        0,
        null,
        null,
        null,
        null,
        null,
        null,
        null,
        null,
        1,
        null,
        null,
        null,
        null,
        null,
        1,
        null,
        null,
        null,
        null,
        null,
        null,
        null,
        null,
        null,
        null,
        null,
        null,
        null,
        null,
        null,
        null,
        1,
        null,
        null,
        null,
        null,
        null,
        null,
        null,
        null,
        null,
        null,
        null,
        null,
        null,
        null,
        1,
        null,
        null,
        null,
        null,
        null,
        null,
        null,
        1,
        null,
        1,
        12,
        null,
        null,
        null,
        1,
        0,
        null,
        null,
        null
      ],
      "/home/jns/Dev/synobs/app/controllers/favourite_stations_controller.rb": [
        1,
        1,
        1,
        null,
        null,
        1,
        2,
        2,
        null,
        null,
        null,
        null,
        1,
        5,
        5,
        5,
        0,
        null,
        null,
        5,
        10,
        null,
        5,
        null,
        0,
        null,
        null,
        null,
        null,
        null,
        null,
        1,
        2,
        2,
        2,
        2,
        4,
        null,
        2,
        null,
        null,
        null,
        null,
        1,
        null,
        1,
        2,
        null,
        null,
        null,
        1,
        5,
        null,
        null
      ],
      "/home/jns/Dev/synobs/app/controllers/users_controller.rb": [
        1,
        1,
        1,
        null,
        null,
        null,
        1,
        1,
        null,
        null,
        null,
        null,
        1,
        null,
        null,
        null,
        1,
        2,
        null,
        null,
        null,
        1,
        null,
        null,
        null,
        null,
        1,
        2,
        null,
        2,
        2,
        2,
        1,
        null,
        2,
        1,
        null,
        null,
        null,
        null,
        null,
        null,
        1,
        2,
        2,
        2,
        1,
        null,
        2,
        1,
        null,
        null,
        null,
        null,
        null,
        null,
        1,
        1,
        1,
        1,
        null,
        1,
        2,
        1,
        null,
        null,
        null,
        1,
        null,
        1,
        13,
        null,
        null,
        null,
        1,
        6,
        null,
        null
      ],
      "/home/jns/Dev/synobs/app/controllers/observations_controller.rb": [
        1,
        1,
        null,
        null,
        null,
        1,
        3,
        null,
        null,
        null,
        null,
        1,
        null,
        null,
        null,
        1,
        null,
        null,
        null,
        null,
        null,
        null,
        null,
        1,
        null,
        null,
        null,
        null,
        null,
        null,
        null,
        1,
        null,
        1,
        1,
        null,
        null,
        null,
        1,
        0,
        null,
        null
      ],
      "/home/jns/Dev/synobs/lib/fmi_stations.rb": [
        0,
        0,
        0,
        0,
        0,
        0,
        0,
        0,
        0,
        0,
        0,
        0,
        0,
        0,
        0,
        0,
        0,
        0,
        0,
        0,
        0,
        0,
        0,
        0,
        0,
        0,
        0,
        0,
        0,
        0,
        0,
        0,
        0,
        0,
        0,
        0,
        0,
        0,
        0,
        0,
        0,
        0,
        0,
        0,
        0,
        0,
        0
      ],
      "/home/jns/Dev/synobs/lib/fmi_observations.rb": [
        0,
        0,
        0,
        0,
        0,
        0,
        0,
        0,
        0,
        0,
        0,
        0,
        0,
        0,
        0,
        0,
        0,
        0,
        0,
        0,
        0,
        0,
        0,
        0,
        0,
        0,
        0,
        0,
        0,
        0,
        0,
        0,
        0,
        0,
        0,
        0,
        0,
        0,
        0,
        0,
        0,
        0,
        0,
        0,
        0,
        0,
        0,
        0,
        0,
        0,
        0,
        0,
        0
      ]
    },
    "timestamp": 1494427588
  }
}
